Started GET "/" for 127.0.0.1 at 2020-07-01 22:42:52 +0900
  [1m[35m (8.5ms)[0m  [1m[34mSELECT sqlite_version(*)[0m
Processing by Rails::WelcomeController#index as HTML
  Rendering /home/wanren/.rbenv/versions/2.7.1/lib/ruby/gems/2.7.0/gems/railties-6.0.3.2/lib/rails/templates/rails/welcome/index.html.erb
  Rendered /home/wanren/.rbenv/versions/2.7.1/lib/ruby/gems/2.7.0/gems/railties-6.0.3.2/lib/rails/templates/rails/welcome/index.html.erb (Duration: 34.9ms | Allocations: 406)
Completed 200 OK in 95ms (Views: 64.5ms | ActiveRecord: 0.0ms | Allocations: 2336)


Started GET "/greetings/index" for 127.0.0.1 at 2020-07-01 22:43:25 +0900
Processing by GreetingsController#index as HTML
  Rendering greetings/index.html.erb within layouts/application
  Rendered greetings/index.html.erb within layouts/application (Duration: 1.2ms | Allocations: 84)
[Webpacker] Compiling...
[Webpacker] Compiled all packs in /mnt/c/Users/81801/src/message/public/packs
[Webpacker] Hash: 15d1bb7b54cf6326b9ba
Version: webpack 4.43.0
Time: 4745ms
Built at: 07/01/2020 10:43:36 PM
                                     Asset       Size       Chunks                         Chunk Names
    js/application-9afcbb5693aa87623e69.js    124 KiB  application  [emitted] [immutable]  application
js/application-9afcbb5693aa87623e69.js.map    139 KiB  application  [emitted] [dev]        application
                             manifest.json  364 bytes               [emitted]              
Entrypoint application = js/application-9afcbb5693aa87623e69.js js/application-9afcbb5693aa87623e69.js.map
[./app/javascript/channels sync recursive _channel\.js$] ./app/javascript/channels sync _channel\.js$ 160 bytes {application} [built]
[./app/javascript/channels/index.js] 211 bytes {application} [built]
[./app/javascript/packs/application.js] 749 bytes {application} [built]
[./node_modules/webpack/buildin/module.js] (webpack)/buildin/module.js 552 bytes {application} [built]
    + 3 hidden modules

Completed 200 OK in 10989ms (Views: 10987.5ms | ActiveRecord: 0.0ms | Allocations: 18460)


Started GET "/greetings/index" for 127.0.0.1 at 2020-07-01 22:43:42 +0900
Processing by GreetingsController#index as HTML
  Rendering greetings/index.html.erb within layouts/application
  Rendered greetings/index.html.erb within layouts/application (Duration: 0.0ms | Allocations: 5)
[Webpacker] Everything's up-to-date. Nothing to do
Completed 200 OK in 22ms (Views: 21.1ms | ActiveRecord: 0.0ms | Allocations: 3326)


